0 info it worked if it ends with ok
1 verbose cli [ 'c:\\Program Files\\nodejs\\node.exe',
1 verbose cli   'c:\\Program Files\\nodejs\\node_modules\\npm\\bin\\npm-cli.js',
1 verbose cli   'install',
1 verbose cli   '--save',
1 verbose cli   'transform-loadersource-map-loader' ]
2 info using npm@2.14.4
3 info using node@v4.1.1
4 verbose install initial load of e:\projects\nodejs\infrastructure-client-controller-websocket\package.json
5 warn package.json infrastructure-client-controller-websocket@0.0.1 No description
6 warn package.json infrastructure-client-controller-websocket@0.0.1 No repository field.
7 warn package.json infrastructure-client-controller-websocket@0.0.1 No README data
8 warn package.json infrastructure-client-controller-websocket@0.0.1 No license field.
9 verbose installManyTop reading scoped package data from e:\projects\nodejs\infrastructure-client-controller-websocket\node_modules\socket.io-client\package.json
10 verbose installManyTop reading scoped package data from e:\projects\nodejs\infrastructure-client-controller-websocket\node_modules\transform-loader\package.json
11 info package.json transform-loader@0.2.3 No license field.
12 verbose readDependencies loading dependencies from e:\projects\nodejs\infrastructure-client-controller-websocket\package.json
13 silly cache add args [ 'transform-loadersource-map-loader', null ]
14 verbose cache add spec transform-loadersource-map-loader
15 silly cache add parsed spec Result {
15 silly cache add   raw: 'transform-loadersource-map-loader',
15 silly cache add   scope: null,
15 silly cache add   name: 'transform-loadersource-map-loader',
15 silly cache add   rawSpec: '',
15 silly cache add   spec: '*',
15 silly cache add   type: 'range' }
16 silly addNamed transform-loadersource-map-loader@*
17 verbose addNamed "*" is a valid semver range for transform-loadersource-map-loader
18 silly addNameRange { name: 'transform-loadersource-map-loader',
18 silly addNameRange   range: '*',
18 silly addNameRange   hasData: false }
19 silly mapToRegistry name transform-loadersource-map-loader
20 silly mapToRegistry using default registry
21 silly mapToRegistry registry https://registry.npmjs.org/
22 silly mapToRegistry uri https://registry.npmjs.org/transform-loadersource-map-loader
23 verbose addNameRange registry:https://registry.npmjs.org/transform-loadersource-map-loader not in flight; fetching
24 verbose request uri https://registry.npmjs.org/transform-loadersource-map-loader
25 verbose request no auth needed
26 info attempt registry request try #1 at 8:30:45 PM
27 verbose request id c40ce14151f0b8f3
28 http request GET https://registry.npmjs.org/transform-loadersource-map-loader
29 http 404 https://registry.npmjs.org/transform-loadersource-map-loader
30 verbose headers { 'content-type': 'application/json',
30 verbose headers   'cache-control': 'max-age=0',
30 verbose headers   'content-length': '2',
30 verbose headers   'accept-ranges': 'bytes',
30 verbose headers   date: 'Fri, 09 Oct 2015 17:30:28 GMT',
30 verbose headers   via: '1.1 varnish',
30 verbose headers   age: '0',
30 verbose headers   connection: 'keep-alive',
30 verbose headers   'x-served-by': 'cache-fra1236-FRA',
30 verbose headers   'x-cache': 'MISS',
30 verbose headers   'x-cache-hits': '0',
30 verbose headers   'x-timer': 'S1444411828.241089,VS0,VE451' }
31 silly get cb [ 404,
31 silly get   { 'content-type': 'application/json',
31 silly get     'cache-control': 'max-age=0',
31 silly get     'content-length': '2',
31 silly get     'accept-ranges': 'bytes',
31 silly get     date: 'Fri, 09 Oct 2015 17:30:28 GMT',
31 silly get     via: '1.1 varnish',
31 silly get     age: '0',
31 silly get     connection: 'keep-alive',
31 silly get     'x-served-by': 'cache-fra1236-FRA',
31 silly get     'x-cache': 'MISS',
31 silly get     'x-cache-hits': '0',
31 silly get     'x-timer': 'S1444411828.241089,VS0,VE451' } ]
32 verbose stack Error: Registry returned 404 for GET on https://registry.npmjs.org/transform-loadersource-map-loader
32 verbose stack     at makeError (c:\Program Files\nodejs\node_modules\npm\node_modules\npm-registry-client\lib\request.js:263:12)
32 verbose stack     at CachingRegistryClient.<anonymous> (c:\Program Files\nodejs\node_modules\npm\node_modules\npm-registry-client\lib\request.js:241:14)
32 verbose stack     at Request._callback (c:\Program Files\nodejs\node_modules\npm\node_modules\npm-registry-client\lib\request.js:171:14)
32 verbose stack     at Request.self.callback (c:\Program Files\nodejs\node_modules\npm\node_modules\request\request.js:198:22)
32 verbose stack     at emitTwo (events.js:87:13)
32 verbose stack     at Request.emit (events.js:172:7)
32 verbose stack     at Request.<anonymous> (c:\Program Files\nodejs\node_modules\npm\node_modules\request\request.js:1073:14)
32 verbose stack     at emitOne (events.js:82:20)
32 verbose stack     at Request.emit (events.js:169:7)
32 verbose stack     at IncomingMessage.<anonymous> (c:\Program Files\nodejs\node_modules\npm\node_modules\request\request.js:1019:12)
33 verbose statusCode 404
34 verbose pkgid transform-loadersource-map-loader
35 verbose cwd e:\projects\nodejs\infrastructure-client-controller-websocket
36 error Windows_NT 6.3.9600
37 error argv "c:\\Program Files\\nodejs\\node.exe" "c:\\Program Files\\nodejs\\node_modules\\npm\\bin\\npm-cli.js" "install" "--save" "transform-loadersource-map-loader"
38 error node v4.1.1
39 error npm  v2.14.4
40 error code E404
41 error 404 Registry returned 404 for GET on https://registry.npmjs.org/transform-loadersource-map-loader
41 error 404
41 error 404 'transform-loadersource-map-loader' is not in the npm registry.
41 error 404 You should bug the author to publish it (or use the name yourself!)
41 error 404 It was specified as a dependency of 'infrastructure-client-controller-websocket'
41 error 404
41 error 404 Note that you can also install from a
41 error 404 tarball, folder, http url, or git url.
42 verbose exit [ 1, true ]
